<?xml version="1.0" encoding="UTF-8"?>
<!-- Generated by org.testng.reporters.JUnitReportReporter -->
<testsuite skipped="0" hostname="Admin-PC" name="html.Test8" tests="4" failures="0" timestamp="14 Mar 2019 05:49:58 GMT" time="38.343" errors="0">
  <testcase name="MyHtm4" time="7.734" classname="html.Test8"/>
  <testcase name="MyHtm3" time="8.945" classname="html.Test8"/>
  <testcase name="MyHtm1" time="13.853" classname="html.Test8"/>
  <testcase name="MyHtm2" time="7.811" classname="html.Test8"/>
</testsuite> <!-- html.Test8 -->
