<?xml version="1.0" encoding="UTF-8"?>
<!-- Generated by org.testng.reporters.JUnitReportReporter -->
<testsuite skipped="0" hostname="Admin-PC" name="OrangeHrm.Login" tests="1" failures="0" timestamp="19 Feb 2019 07:17:00 GMT" time="9.545" errors="0">
  <testcase name="allmethods" time="9.545" classname="OrangeHrm.Login"/>
</testsuite> <!-- OrangeHrm.Login -->
