<?xml version="1.0" encoding="UTF-8"?>
<!-- Generated by org.testng.reporters.JUnitReportReporter -->
<testsuite skipped="0" hostname="Admin-PC" name="Vegetables.Pim_configuration" tests="1" failures="0" timestamp="01 Mar 2019 06:55:48 GMT" time="14.453" errors="0">
  <testcase name="DatadrivenTest_Configuration" time="14.453" classname="Vegetables.Pim_configuration"/>
</testsuite> <!-- Vegetables.Pim_configuration -->
