<?xml version="1.0" encoding="UTF-8"?>
<!-- Generated by org.testng.reporters.JUnitReportReporter -->
<testsuite skipped="0" hostname="Admin-PC" name="Orange_Pim.AddEmployees" tests="1" failures="0" timestamp="25 Mar 2019 05:23:56 GMT" time="0.605" errors="0">
  <testcase name="DatadrivenTest_AddEmployess" time="0.605" classname="Orange_Pim.AddEmployees"/>
</testsuite> <!-- Orange_Pim.AddEmployees -->
