<?xml version="1.0" encoding="UTF-8"?>
<!-- Generated by org.testng.reporters.JUnitReportReporter -->
<testsuite skipped="0" hostname="Admin-PC" name="EXPORT.boolean_searchvariousroles" tests="1" failures="0" timestamp="13 Mar 2019 08:58:54 GMT" time="54.739" errors="0">
  <testcase name="boolean_datadriventest" time="54.739" classname="EXPORT.boolean_searchvariousroles"/>
</testsuite> <!-- EXPORT.boolean_searchvariousroles -->
