<?xml version="1.0" encoding="UTF-8"?>
<!-- Generated by org.testng.reporters.JUnitReportReporter -->
<testsuite skipped="0" hostname="Admin-PC" name="Vegetables.PimEmployeeList" tests="1" failures="0" timestamp="28 Feb 2019 07:02:20 GMT" time="33.044" errors="0">
  <testcase name="DatadrivenTest_AddEmployess" time="33.044" classname="Vegetables.PimEmployeeList"/>
</testsuite> <!-- Vegetables.PimEmployeeList -->
